<?xml version="1.0" encoding="UTF-8"?>
<testng-results skipped="0" failed="0" ignored="3" total="4" passed="1">
  <reporter-output>
    <line>
      <![CDATA[AKG K92 Professional Headphones Wired Headphone]]>
    </line>
    <line>
      <![CDATA[AKG K 52 Professional Headphones Wired Headphone]]>
    </line>
    <line>
      <![CDATA[AKG IP2 - PRO IN EAR HEADPHONES Wired Headphone]]>
    </line>
    <line>
      <![CDATA[AKG K240 MKII HEADPHONE Wired Headphone]]>
    </line>
    <line>
      <![CDATA[AKG K171 MK II HEADPHONES Wired Headphone]]>
    </line>
    <line>
      <![CDATA[AKG K612 PRO HEADPHONES Wired Headphone]]>
    </line>
    <line>
      <![CDATA[AKG K240 STUDIO HEADPHONE Wired Headphone]]>
    </line>
    <line>
      <![CDATA[AKG K271 Professional Over the Ear MKII HEADPHONES Wired Headphone]]>
    </line>
    <line>
      <![CDATA[AKG K175 Professional HEADPHONES Wired Headphone]]>
    </line>
    <line>
      <![CDATA[AKG K245 HEADPHONES Wired Headphone]]>
    </line>
    <line>
      <![CDATA[AKG K121 STUDIO HEADPHONE Wired Headphone]]>
    </line>
    <line>
      <![CDATA[AKG K275 On Ear HEADPHONES Wired Headphone]]>
    </line>
    <line>
      <![CDATA[AKG K275 Fold-able Studio Headphones Wired Headphone]]>
    </line>
    <line>
      <![CDATA[ALL MUSIC STEREO BASS IG5 AKG FOR OPPO/VIVO/NOKIA/HONOR/MI/ASUS/MOTO Wired Headset with Mic]]>
    </line>
    <line>
      <![CDATA[BRINGWORLD Best Quality Akg Earphone For All Android & 3.5 Jack Mobile Wired Headset with Mic]]>
    </line>
    <line>
      <![CDATA[WEBSTER superior stereo sound akg for vivo/mi/htc/honor/oppo/galaxy Wired Headset with Mic]]>
    </line>
    <line>
      <![CDATA[Cyxus BEST QUALITY AKG EARPHONE Wired Headset with Mic]]>
    </line>
    <line>
      <![CDATA[Alafi Best akg Deep Bass Sound Wired Headset a4 with Mic (In the Ear) Wired Headset with Mic]]>
    </line>
    <line>
      <![CDATA[Alafi Ultra Bass akg earphone Headset a3 with Mic (Black, In the Ear) Wired Headset with Mic]]>
    </line>
    <line>
      <![CDATA[TVN AKG Wired Headset with Mic]]>
    </line>
    <line>
      <![CDATA[ALLMUSIC Best in market akg ig955 by Samsung for For oppo/vivo/redmi/htc Wired Headset with Mic]]>
    </line>
    <line>
      <![CDATA[Alafi Ultra bass akg earphone Headset a1 with Mic (Black, In the Ear) Wired Headset with Mic]]>
    </line>
    <line>
      <![CDATA[Alafi Best Deep rich bass akg r6 for samsung/oppo/vivo/mi/nokia/asus Wired Headset with Mic]]>
    </line>
    <line>
      <![CDATA[Zoom Star AKG Best Quality Earphone Headset with Mic Wired Headset with Mic]]>
    </line>
    <line>
      <![CDATA[Vinimox Compatible For Samsang AKG Headset Wired Headset with Mic Wired Headset with Mic]]>
    </line>
    <line>
      <![CDATA[webster 100% genuine stereo bass akg powered for vivo/redmi/honor/oppo Wired Headset with Mic]]>
    </line>
    <line>
      <![CDATA[ALLMUSIC New arrival akg earphone Wired Headset with Mic]]>
    </line>
    <line>
      <![CDATA[ALLMUSIC Best in market fabric wire akg Wired Headset with Mic]]>
    </line>
    <line>
      <![CDATA[Bhani AKG Smartphone Wired Headset with Mic Black, In the Ear Wired Headset with Mic]]>
    </line>
    <line>
      <![CDATA[Mindmaker Akg latest series mobile handfree with Wired Headset with Mic (Grey, In the Ear) Wired Headset with Mic]]>
    </line>
    <line>
      <![CDATA[AZOTICA AKG HEDPONE03 Wired Headset with Mic]]>
    </line>
    <line>
      <![CDATA[Alafi BEST BUY AKG IG-955 q2 WITH ULTRA DEEP BASS FOR ALL SMARTPHONES Wired Headset with Mic]]>
    </line>
    <line>
      <![CDATA[AZOTICA AKG HEDPONE06 Wired Headset with Mic]]>
    </line>
    <line>
      <![CDATA[Alafi Buy Premium quality akg ig-955 all supported Earbud a9 with Mic Wired Headset with Mic]]>
    </line>
    <line>
      <![CDATA[Bhani AKG HEDPONE Wired Headset with MicBlack Wired Headset with Mic]]>
    </line>
    <line>
      <![CDATA[Alafi Buy Premium quality akg ig-955 all supported Earbud a7 with Mic Wired Headset with Mic]]>
    </line>
    <line>
      <![CDATA[Alafi Deep Bass Earbud AKG for Mobile Headsets y with Mic (In the Ear) Wired Headset with Mic]]>
    </line>
    <line>
      <![CDATA[AZOTICA AKG HEDPONE10 Wired Headset with Mic]]>
    </line>
    <line>
      <![CDATA[ALLMUSIC 100% GENUINE 3d audio bass Samsung akg for oppo/vivo/redmi/htc Wired Headset with Mic]]>
    </line>
    <line>
      <![CDATA[Alafi Deep Bass Earbud AKG for Mobile Headsets w with Mic (In the Ear) Wired Headset with Mic]]>
    </line>
  </reporter-output>
  <suite name="Command line suite" duration-ms="14116" started-at="2019-08-05T04:05:19Z" finished-at="2019-08-05T04:05:33Z">
    <groups>
    </groups>
    <test name="Command line test" duration-ms="14116" started-at="2019-08-05T04:05:19Z" finished-at="2019-08-05T04:05:33Z">
      <class name="Tests.FirstTest">
        <test-method status="PASS" signature="setup()[pri:0, instance:Tests.FirstTest@5ae9a829]" name="setup" is-config="true" duration-ms="6809" started-at="2019-08-05T04:05:19Z" finished-at="2019-08-05T04:05:26Z">
          <reporter-output>
          </reporter-output>
        </test-method> <!-- setup -->
        <test-method status="PASS" signature="TestingFlipkart()[pri:0, instance:Tests.FirstTest@5ae9a829]" name="TestingFlipkart" duration-ms="7058" started-at="2019-08-05T04:05:26Z" finished-at="2019-08-05T04:05:33Z">
          <reporter-output>
            <line>
              <![CDATA[AKG K92 Professional Headphones Wired Headphone]]>
            </line>
            <line>
              <![CDATA[AKG K 52 Professional Headphones Wired Headphone]]>
            </line>
            <line>
              <![CDATA[AKG IP2 - PRO IN EAR HEADPHONES Wired Headphone]]>
            </line>
            <line>
              <![CDATA[AKG K240 MKII HEADPHONE Wired Headphone]]>
            </line>
            <line>
              <![CDATA[AKG K171 MK II HEADPHONES Wired Headphone]]>
            </line>
            <line>
              <![CDATA[AKG K612 PRO HEADPHONES Wired Headphone]]>
            </line>
            <line>
              <![CDATA[AKG K240 STUDIO HEADPHONE Wired Headphone]]>
            </line>
            <line>
              <![CDATA[AKG K271 Professional Over the Ear MKII HEADPHONES Wired Headphone]]>
            </line>
            <line>
              <![CDATA[AKG K175 Professional HEADPHONES Wired Headphone]]>
            </line>
            <line>
              <![CDATA[AKG K245 HEADPHONES Wired Headphone]]>
            </line>
            <line>
              <![CDATA[AKG K121 STUDIO HEADPHONE Wired Headphone]]>
            </line>
            <line>
              <![CDATA[AKG K275 On Ear HEADPHONES Wired Headphone]]>
            </line>
            <line>
              <![CDATA[AKG K275 Fold-able Studio Headphones Wired Headphone]]>
            </line>
            <line>
              <![CDATA[ALL MUSIC STEREO BASS IG5 AKG FOR OPPO/VIVO/NOKIA/HONOR/MI/ASUS/MOTO Wired Headset with Mic]]>
            </line>
            <line>
              <![CDATA[BRINGWORLD Best Quality Akg Earphone For All Android & 3.5 Jack Mobile Wired Headset with Mic]]>
            </line>
            <line>
              <![CDATA[WEBSTER superior stereo sound akg for vivo/mi/htc/honor/oppo/galaxy Wired Headset with Mic]]>
            </line>
            <line>
              <![CDATA[Cyxus BEST QUALITY AKG EARPHONE Wired Headset with Mic]]>
            </line>
            <line>
              <![CDATA[Alafi Best akg Deep Bass Sound Wired Headset a4 with Mic (In the Ear) Wired Headset with Mic]]>
            </line>
            <line>
              <![CDATA[Alafi Ultra Bass akg earphone Headset a3 with Mic (Black, In the Ear) Wired Headset with Mic]]>
            </line>
            <line>
              <![CDATA[TVN AKG Wired Headset with Mic]]>
            </line>
            <line>
              <![CDATA[ALLMUSIC Best in market akg ig955 by Samsung for For oppo/vivo/redmi/htc Wired Headset with Mic]]>
            </line>
            <line>
              <![CDATA[Alafi Ultra bass akg earphone Headset a1 with Mic (Black, In the Ear) Wired Headset with Mic]]>
            </line>
            <line>
              <![CDATA[Alafi Best Deep rich bass akg r6 for samsung/oppo/vivo/mi/nokia/asus Wired Headset with Mic]]>
            </line>
            <line>
              <![CDATA[Zoom Star AKG Best Quality Earphone Headset with Mic Wired Headset with Mic]]>
            </line>
            <line>
              <![CDATA[Vinimox Compatible For Samsang AKG Headset Wired Headset with Mic Wired Headset with Mic]]>
            </line>
            <line>
              <![CDATA[webster 100% genuine stereo bass akg powered for vivo/redmi/honor/oppo Wired Headset with Mic]]>
            </line>
            <line>
              <![CDATA[ALLMUSIC New arrival akg earphone Wired Headset with Mic]]>
            </line>
            <line>
              <![CDATA[ALLMUSIC Best in market fabric wire akg Wired Headset with Mic]]>
            </line>
            <line>
              <![CDATA[Bhani AKG Smartphone Wired Headset with Mic Black, In the Ear Wired Headset with Mic]]>
            </line>
            <line>
              <![CDATA[Mindmaker Akg latest series mobile handfree with Wired Headset with Mic (Grey, In the Ear) Wired Headset with Mic]]>
            </line>
            <line>
              <![CDATA[AZOTICA AKG HEDPONE03 Wired Headset with Mic]]>
            </line>
            <line>
              <![CDATA[Alafi BEST BUY AKG IG-955 q2 WITH ULTRA DEEP BASS FOR ALL SMARTPHONES Wired Headset with Mic]]>
            </line>
            <line>
              <![CDATA[AZOTICA AKG HEDPONE06 Wired Headset with Mic]]>
            </line>
            <line>
              <![CDATA[Alafi Buy Premium quality akg ig-955 all supported Earbud a9 with Mic Wired Headset with Mic]]>
            </line>
            <line>
              <![CDATA[Bhani AKG HEDPONE Wired Headset with MicBlack Wired Headset with Mic]]>
            </line>
            <line>
              <![CDATA[Alafi Buy Premium quality akg ig-955 all supported Earbud a7 with Mic Wired Headset with Mic]]>
            </line>
            <line>
              <![CDATA[Alafi Deep Bass Earbud AKG for Mobile Headsets y with Mic (In the Ear) Wired Headset with Mic]]>
            </line>
            <line>
              <![CDATA[AZOTICA AKG HEDPONE10 Wired Headset with Mic]]>
            </line>
            <line>
              <![CDATA[ALLMUSIC 100% GENUINE 3d audio bass Samsung akg for oppo/vivo/redmi/htc Wired Headset with Mic]]>
            </line>
            <line>
              <![CDATA[Alafi Deep Bass Earbud AKG for Mobile Headsets w with Mic (In the Ear) Wired Headset with Mic]]>
            </line>
          </reporter-output>
        </test-method> <!-- TestingFlipkart -->
        <test-method status="PASS" signature="tearDown()[pri:0, instance:Tests.FirstTest@5ae9a829]" name="tearDown" is-config="true" duration-ms="238" started-at="2019-08-05T04:05:33Z" finished-at="2019-08-05T04:05:33Z">
          <reporter-output>
          </reporter-output>
        </test-method> <!-- tearDown -->
      </class> <!-- Tests.FirstTest -->
    </test> <!-- Command line test -->
  </suite> <!-- Command line suite -->
</testng-results>
