<?xml version="1.0" encoding="UTF-8"?>
<!-- Generated by org.testng.reporters.JUnitXMLReporter -->
<testsuite hostname="MacBook-Pro-de-Victor.local" ignored="3" name="Command line test" tests="1" failures="0" timestamp="05 ago 2019 04:05:33 GMT" time="14.116" errors="0">
  <testcase name="TestingFlipkart" time="7.058" classname="Tests.FirstTest"/>
  <testcase name="TestingFlipkart2" time="0.0" classname="Tests.FirstTest">
    <ignored/>
  </testcase> <!-- TestingFlipkart2 -->
  <testcase name="@AfterTest tearDown" time="0.0" classname="Tests.BaseTest">
    <ignored/>
  </testcase> <!-- @AfterTest tearDown -->
  <testcase name="@BeforeTest setup" time="0.0" classname="Tests.BaseTest">
    <ignored/>
  </testcase> <!-- @BeforeTest setup -->
</testsuite> <!-- Command line test -->
