<?xml version="1.0" encoding="UTF-8"?>
<!-- Generated by org.testng.reporters.JUnitXMLReporter -->
<testsuite hostname="MacBook-Pro-de-Victor.local" ignored="3" name="/Users/victorcarrillo/Victor-Automation/SeleniumProjectPractice/src/test/java/Tests/FirstTests.java" tests="1" failures="0" timestamp="09 ago 2019 19:34:33 GMT" time="16.972" errors="0">
  <testcase name="shopWorkFlow" time="12.17" classname="Tests.FirstTests"/>
  <testcase name="addToCartItem" time="0.0" classname="Tests.FirstTests">
    <ignored/>
  </testcase> <!-- addToCartItem -->
  <testcase name="validLogin" time="0.0" classname="Tests.FirstTests">
    <ignored/>
  </testcase> <!-- validLogin -->
  <testcase name="validateHomePageActive" time="0.0" classname="Tests.FirstTests">
    <ignored/>
  </testcase> <!-- validateHomePageActive -->
</testsuite> <!-- /Users/victorcarrillo/Victor-Automation/SeleniumProjectPractice/src/test/java/Tests/FirstTests.java -->
